SF:lib/core/network/network_info.dart
DA:10,1
DA:12,1
DA:13,2
LF:3
LH:3
end_of_record
SF:lib/core/error/failures.dart
DA:4,7
DA:5,7
LF:2
LH:2
end_of_record
SF:lib/core/usecases/usecase.dart
DA:11,6
DA:12,6
LF:2
LH:2
end_of_record
SF:lib/data/models/user/delivery_info_model.dart
DA:5,1
DA:6,3
DA:8,1
DA:9,2
DA:11,1
DA:12,1
DA:13,5
DA:15,1
DA:16,1
DA:17,4
DA:19,2
DA:20,4
DA:22,1
DA:23,5
DA:26,50
DA:35,7
DA:46,6
DA:47,6
DA:48,6
DA:49,6
DA:50,6
DA:51,6
DA:52,6
DA:53,6
DA:54,6
DA:55,6
DA:58,8
DA:59,4
DA:60,4
DA:61,4
DA:62,4
DA:63,4
DA:64,4
DA:65,4
DA:66,4
DA:69,1
DA:70,1
DA:71,1
DA:72,1
DA:73,1
DA:74,1
DA:75,1
DA:76,1
DA:77,1
DA:78,1
LF:45
LH:45
end_of_record
SF:lib/domain/entities/user/delivery_info.dart
DA:13,50
DA:24,3
DA:25,6
LF:3
LH:3
end_of_record
SF:lib/domain/usecases/delivery_info/get_cached_delivery_info_usecase.dart
DA:10,1
DA:12,1
DA:14,2
LF:3
LH:3
end_of_record
SF:lib/data/models/cart/cart_item_model.dart
DA:7,1
DA:8,1
DA:9,4
DA:11,1
DA:12,1
DA:13,5
DA:15,0
DA:16,0
DA:17,0
DA:19,1
DA:20,5
DA:23,8
DA:27,8
DA:29,3
DA:30,3
DA:31,3
DA:32,6
DA:33,6
DA:37,4
DA:38,2
DA:39,4
DA:40,4
DA:43,2
DA:44,1
DA:45,2
DA:46,2
DA:49,1
DA:50,1
DA:51,1
DA:52,1
DA:53,1
LF:31
LH:28
end_of_record
SF:lib/domain/entities/cart/cart_item.dart
DA:11,8
DA:13,3
DA:14,6
LF:3
LH:3
end_of_record
SF:lib/data/models/product/price_tag_model.dart
DA:4,20
DA:8,20
DA:14,16
DA:15,8
DA:16,8
DA:17,8
DA:20,8
DA:21,4
DA:22,4
DA:23,4
DA:26,0
DA:27,0
DA:28,0
DA:29,0
LF:14
LH:10
end_of_record
SF:lib/data/models/product/product_model.dart
DA:6,20
DA:15,20
DA:26,16
DA:27,8
DA:28,8
DA:29,8
DA:30,8
DA:31,32
DA:32,8
DA:33,32
DA:34,32
DA:35,16
DA:36,16
DA:39,8
DA:40,4
DA:41,4
DA:42,4
DA:43,4
DA:44,16
DA:45,4
DA:46,16
DA:47,16
DA:48,8
DA:49,8
DA:52,0
DA:53,0
DA:54,0
DA:55,0
DA:56,0
DA:57,0
DA:58,0
DA:59,0
DA:60,0
DA:61,0
DA:62,0
DA:63,0
DA:64,0
LF:37
LH:24
end_of_record
SF:lib/data/models/category/category_model.dart
DA:5,1
DA:6,1
DA:7,5
DA:9,1
DA:10,1
DA:11,4
DA:13,1
DA:14,5
DA:17,54
DA:21,11
DA:27,22
DA:28,11
DA:29,11
DA:30,11
DA:33,12
DA:34,6
DA:35,6
DA:36,6
DA:39,0
DA:40,0
DA:41,0
DA:42,0
LF:22
LH:18
end_of_record
SF:lib/domain/entities/category/category.dart
DA:8,54
DA:14,2
DA:15,4
LF:3
LH:3
end_of_record
SF:lib/data/models/order/order_details_model.dart
DA:7,1
DA:8,1
DA:9,5
DA:11,1
DA:12,1
DA:13,4
DA:15,1
DA:16,3
DA:18,0
DA:19,0
DA:21,1
DA:22,5
DA:24,1
DA:25,2
DA:28,7
DA:33,7
DA:40,3
DA:41,3
DA:42,3
DA:43,3
DA:44,12
DA:45,6
DA:46,3
DA:49,2
DA:50,1
DA:51,1
DA:52,4
DA:53,2
DA:54,1
DA:57,4
DA:58,2
DA:59,2
DA:60,8
DA:61,4
DA:62,2
DA:65,0
DA:66,0
DA:67,0
DA:68,0
DA:69,0
DA:70,0
DA:71,0
DA:72,0
LF:43
LH:33
end_of_record
SF:lib/domain/entities/order/order_details.dart
DA:12,7
DA:19,2
DA:20,2
DA:21,2
LF:4
LH:4
end_of_record
SF:lib/data/models/order/order_item_model.dart
DA:6,7
DA:12,7
DA:20,6
DA:21,3
DA:22,6
DA:23,6
DA:24,3
DA:25,3
DA:27,2
DA:28,1
DA:29,2
DA:30,2
DA:31,1
DA:32,1
DA:35,4
DA:36,2
DA:37,4
DA:38,4
DA:39,2
DA:40,2
DA:43,0
DA:44,0
DA:45,0
DA:46,0
DA:47,0
DA:48,0
LF:26
LH:20
end_of_record
SF:lib/domain/entities/order/order_item.dart
DA:13,7
DA:21,0
DA:22,0
DA:23,0
LF:4
LH:1
end_of_record
SF:lib/data/models/product/pagination_data_model.dart
DA:4,4
DA:8,4
DA:14,2
DA:15,1
DA:16,1
DA:17,1
DA:20,0
DA:21,0
DA:22,0
DA:23,0
LF:10
LH:6
end_of_record
SF:lib/domain/entities/product/pagination_meta_data.dart
DA:6,4
LF:1
LH:1
end_of_record
SF:lib/domain/entities/product/price_tag.dart
DA:6,20
LF:1
LH:1
end_of_record
SF:lib/domain/entities/product/product.dart
DA:16,20
DA:27,2
DA:28,4
LF:3
LH:3
end_of_record
SF:lib/data/models/product/product_response_model.dart
DA:8,1
DA:9,2
DA:11,0
DA:12,0
DA:15,4
DA:18,4
DA:20,1
DA:21,1
DA:22,2
DA:23,1
DA:24,4
DA:27,0
DA:28,0
DA:29,0
LF:14
LH:9
end_of_record
SF:lib/domain/entities/product/product_response.dart
DA:8,4
LF:1
LH:1
end_of_record
SF:lib/data/models/user/authentication_response_model.dart
DA:5,1
DA:6,2
DA:8,0
DA:9,0
DA:15,44
DA:20,1
DA:21,1
DA:22,1
DA:23,2
DA:26,0
DA:27,0
DA:28,0
LF:12
LH:7
end_of_record
SF:lib/data/models/user/user_model.dart
DA:5,3
DA:7,3
DA:10,45
DA:15,2
DA:22,4
DA:23,2
DA:24,2
DA:25,2
DA:26,2
DA:29,2
DA:30,1
DA:31,1
DA:32,1
DA:33,1
LF:14
LH:14
end_of_record
SF:lib/domain/entities/user/user.dart
DA:10,45
DA:18,1
DA:19,1
DA:20,1
DA:21,1
DA:22,1
DA:23,1
LF:7
LH:7
end_of_record
SF:lib/domain/usecases/product/get_product_usecase.dart
DA:12,1
DA:14,1
DA:17,2
DA:29,47
DA:38,0
DA:47,0
DA:48,0
DA:49,0
DA:50,0
DA:51,0
DA:52,0
DA:53,0
LF:12
LH:4
end_of_record
SF:lib/domain/usecases/user/sign_in_usecase.dart
DA:10,1
DA:12,1
DA:14,2
DA:21,44
LF:4
LH:4
end_of_record
SF:lib/domain/usecases/user/sign_up_usecase.dart
DA:10,1
DA:12,1
DA:14,2
DA:23,44
LF:4
LH:4
end_of_record
SF:lib/domain/usecases/cart/add_cart_item_usecase.dart
DA:10,1
DA:12,1
DA:14,2
LF:3
LH:3
end_of_record
SF:lib/domain/usecases/cart/clear_cart_usecase.dart
DA:9,1
DA:11,1
DA:13,2
LF:3
LH:3
end_of_record
SF:lib/domain/usecases/cart/get_cached_cart_usecase.dart
DA:10,1
DA:12,1
DA:14,2
LF:3
LH:3
end_of_record
SF:lib/domain/usecases/cart/sync_cart_usecase.dart
DA:10,1
DA:12,1
DA:14,2
LF:3
LH:3
end_of_record
SF:lib/presentation/blocs/cart/cart_state.dart
DA:5,52
DA:9,51
DA:11,0
DA:12,0
DA:16,52
DA:18,1
DA:19,1
DA:23,52
DA:25,1
DA:26,1
DA:31,1
DA:35,1
DA:36,1
LF:13
LH:11
end_of_record
SF:lib/presentation/blocs/cart/cart_event.dart
DA:4,2
DA:8,1
DA:10,0
DA:11,0
DA:16,1
DA:18,0
DA:19,0
DA:23,1
DA:24,0
DA:25,0
LF:10
LH:4
end_of_record
SF:lib/presentation/blocs/cart/cart_bloc.dart
DA:20,1
DA:25,1
DA:26,2
DA:27,2
DA:28,2
DA:31,1
DA:33,4
DA:34,3
DA:35,1
DA:36,5
DA:37,3
DA:39,3
DA:40,4
DA:41,1
DA:42,0
DA:43,3
DA:46,5
DA:50,1
DA:52,4
DA:53,1
DA:54,3
DA:55,2
DA:56,3
DA:57,1
DA:58,5
DA:59,3
DA:62,0
DA:66,1
DA:68,1
DA:69,1
DA:70,3
DA:72,0
LF:32
LH:29
end_of_record
SF:lib/core/error/exceptions.dart
DA:10,0
LF:1
LH:0
end_of_record
SF:lib/data/data_sources/local/cart_local_data_source.dart
DA:17,1
DA:19,1
DA:21,2
DA:23,1
DA:27,1
DA:29,2
DA:30,1
DA:32,2
DA:34,2
DA:35,5
DA:36,5
DA:37,0
DA:39,2
DA:41,1
DA:45,1
DA:47,2
DA:49,2
DA:51,1
DA:55,1
DA:57,2
LF:20
LH:19
end_of_record
SF:lib/data/data_sources/local/delivery_info_local_data_source.dart
DA:20,1
DA:22,1
DA:24,2
DA:26,2
DA:28,1
DA:32,1
DA:34,2
DA:36,1
DA:40,1
DA:42,2
DA:45,1
DA:46,3
DA:47,4
DA:50,0
DA:53,0
DA:55,2
DA:57,1
DA:61,1
DA:63,2
DA:65,1
DA:69,1
DA:71,2
DA:73,2
DA:75,1
DA:79,1
DA:81,2
DA:82,2
LF:27
LH:25
end_of_record
SF:lib/data/data_sources/local/user_local_data_source.dart
DA:28,1
DA:31,1
DA:33,2
DA:35,1
DA:37,1
DA:41,1
DA:43,2
DA:46,1
DA:48,2
DA:49,2
DA:50,2
DA:52,2
DA:54,2
DA:56,1
DA:60,1
DA:62,2
DA:64,1
DA:68,1
DA:70,2
DA:71,1
DA:74,1
DA:76,2
DA:77,2
DA:78,2
LF:24
LH:24
end_of_record
SF:lib/data/data_sources/remote/delivery_info_remote_data_source.dart
DA:21,1
DA:23,1
DA:25,2
DA:26,2
DA:27,1
DA:29,1
DA:32,2
DA:33,2
DA:35,1
DA:39,1
DA:41,2
DA:42,2
DA:43,1
DA:45,1
DA:47,1
DA:49,2
DA:50,2
DA:52,1
DA:56,1
DA:58,2
DA:59,2
DA:60,1
DA:62,1
DA:64,1
DA:66,2
DA:67,2
DA:69,1
LF:27
LH:27
end_of_record
SF:lib/data/repositories/delivery_info_impl.dart
DA:19,1
DA:26,1
DA:28,2
DA:29,2
DA:31,2
DA:32,2
DA:35,2
DA:36,1
DA:37,1
DA:38,1
DA:41,0
DA:44,0
DA:48,1
DA:51,2
DA:52,1
DA:53,1
DA:54,1
DA:58,1
DA:60,2
DA:62,2
DA:64,2
DA:68,2
DA:69,1
DA:70,1
DA:71,1
DA:74,0
DA:78,1
DA:81,2
DA:83,2
DA:85,2
DA:89,2
DA:90,1
DA:91,1
DA:92,1
DA:95,0
DA:99,1
DA:103,1
DA:104,2
DA:105,1
DA:106,0
DA:107,0
DA:111,1
DA:114,2
DA:115,1
DA:116,0
DA:117,0
DA:121,1
DA:124,2
DA:125,2
DA:126,1
DA:127,1
LF:51
LH:43
end_of_record
SF:lib/data/data_sources/local/order_local_data_source.dart
DA:15,1
DA:17,1
DA:19,2
DA:21,2
DA:23,1
DA:27,1
DA:29,2
DA:31,1
LF:8
LH:8
end_of_record
SF:lib/data/data_sources/local/category_local_data_source.dart
DA:15,1
DA:17,1
DA:19,2
DA:21,2
DA:23,1
DA:27,1
DA:29,2
DA:31,1
LF:8
LH:8
end_of_record
SF:lib/data/data_sources/remote/user_remote_data_source.dart
DA:19,1
DA:21,1
DA:24,4
DA:25,1
DA:28,2
DA:29,1
DA:30,1
DA:32,2
DA:33,2
DA:34,4
DA:35,1
DA:37,1
DA:41,1
DA:44,4
DA:45,1
DA:48,2
DA:49,1
DA:50,1
DA:51,1
DA:52,1
DA:54,2
DA:55,2
DA:56,4
DA:57,1
DA:59,1
LF:25
LH:25
end_of_record
SF:lib/data/data_sources/remote/order_remote_data_source.dart
DA:15,1
DA:17,1
DA:19,2
DA:20,2
DA:21,1
DA:23,1
DA:25,1
DA:27,2
DA:28,2
DA:30,1
DA:34,1
DA:36,2
DA:37,2
DA:38,1
DA:40,1
DA:43,2
DA:44,2
DA:46,1
LF:18
LH:18
end_of_record
SF:lib/data/data_sources/remote/category_remote_data_source.dart
DA:13,1
DA:15,1
DA:17,2
DA:19,1
DA:20,2
DA:21,1
DA:22,1
DA:26,2
DA:27,2
DA:29,1
LF:10
LH:10
end_of_record
SF:lib/data/data_sources/remote/product_remote_data_source.dart
DA:16,1
DA:18,1
DA:19,1
DA:20,8
DA:22,1
DA:23,2
DA:24,1
DA:25,1
DA:29,2
DA:30,2
DA:32,1
LF:11
LH:11
end_of_record
SF:lib/data/data_sources/remote/cart_remote_data_source.dart
DA:16,1
DA:18,1
DA:20,4
DA:21,1
DA:23,1
DA:25,2
DA:26,2
DA:27,3
DA:28,1
DA:30,1
DA:34,1
DA:37,4
DA:38,1
DA:40,1
DA:42,2
DA:44,3
DA:45,2
DA:46,2
DA:48,1
DA:50,2
DA:51,2
DA:54,0
LF:22
LH:21
end_of_record
SF:lib/data/repositories/user_repository_impl.dart
DA:19,1
DA:25,1
DA:27,2
DA:28,2
DA:32,1
DA:34,2
DA:35,2
DA:39,1
DA:42,2
DA:43,1
DA:44,1
DA:45,2
DA:49,0
DA:52,0
DA:53,0
DA:54,0
DA:55,0
DA:59,1
DA:62,2
DA:64,1
DA:65,3
DA:66,3
DA:67,2
DA:68,1
DA:69,1
DA:72,2
LF:26
LH:21
end_of_record
SF:lib/data/repositories/cart_repository_impl.dart
DA:18,1
DA:25,1
DA:27,2
DA:28,3
DA:29,2
DA:30,2
DA:31,1
DA:34,1
DA:36,0
DA:37,0
DA:41,0
DA:44,0
DA:47,1
DA:50,2
DA:51,1
DA:52,1
DA:53,1
DA:57,1
DA:59,2
DA:60,2
DA:61,1
DA:63,2
DA:64,1
DA:66,2
DA:67,2
DA:71,2
DA:72,1
DA:73,1
DA:74,1
DA:77,0
DA:80,2
DA:84,0
DA:86,0
DA:88,0
DA:90,0
LF:35
LH:26
end_of_record
SF:lib/data/data_sources/local/product_local_data_source.dart
DA:17,0
DA:19,0
DA:21,0
DA:23,0
DA:25,0
DA:29,0
DA:31,0
DA:33,0
LF:8
LH:0
end_of_record
SF:lib/data/repositories/product_repository_impl.dart
DA:20,1
DA:26,1
DA:28,2
DA:29,2
DA:33,1
DA:36,2
DA:38,1
DA:39,2
DA:40,1
DA:41,1
DA:42,2
DA:46,2
DA:47,1
DA:48,1
DA:49,2
LF:15
LH:15
end_of_record
SF:lib/data/repositories/category_repository_impl.dart
DA:17,1
DA:23,1
DA:25,2
DA:27,2
DA:28,2
DA:29,1
DA:30,1
DA:31,1
DA:34,2
DA:38,1
DA:41,2
DA:42,1
DA:43,1
DA:44,1
DA:48,0
DA:51,0
DA:54,0
DA:55,0
DA:56,0
DA:57,0
DA:58,0
DA:59,0
LF:22
LH:14
end_of_record
SF:lib/data/repositories/order_repository_impl.dart
DA:18,1
DA:25,0
DA:27,0
DA:28,0
DA:29,0
DA:30,0
DA:33,0
DA:35,0
DA:39,1
DA:41,2
DA:42,2
DA:44,2
DA:45,2
DA:48,2
DA:49,1
DA:50,1
DA:51,1
DA:54,0
DA:57,2
DA:61,1
DA:64,2
DA:65,1
DA:66,1
DA:67,1
LF:24
LH:16
end_of_record
SF:lib/domain/usecases/order/get_cached_orders_usecase.dart
DA:10,1
DA:12,1
DA:14,2
LF:3
LH:3
end_of_record
SF:lib/domain/usecases/order/add_order_usecase.dart
DA:10,1
DA:12,1
DA:14,2
LF:3
LH:3
end_of_record
SF:lib/domain/usecases/order/get_remote_orders_usecase.dart
DA:10,1
DA:12,1
DA:14,2
LF:3
LH:3
end_of_record
SF:lib/domain/usecases/category/get_remote_category_usecase.dart
DA:10,1
DA:12,1
DA:14,2
LF:3
LH:3
end_of_record
SF:lib/domain/usecases/category/get_cached_category_usecase.dart
DA:10,1
DA:12,1
DA:14,2
LF:3
LH:3
end_of_record
SF:lib/domain/usecases/category/filter_category_usecase.dart
DA:10,1
DA:12,1
DA:14,2
LF:3
LH:3
end_of_record
SF:lib/domain/usecases/delivery_info/edit_delivery_info_usecase.dart
DA:11,1
DA:13,1
DA:15,2
LF:3
LH:3
end_of_record
SF:lib/domain/usecases/delivery_info/add_dilivey_info_usecase.dart
DA:11,1
DA:13,1
DA:15,2
LF:3
LH:3
end_of_record
SF:lib/domain/usecases/delivery_info/get_selected_delivery_info_usecase.dart
DA:11,1
DA:13,1
DA:15,2
LF:3
LH:3
end_of_record
SF:lib/domain/usecases/delivery_info/get_remote_delivery_info_usecase.dart
DA:10,1
DA:12,1
DA:14,2
LF:3
LH:3
end_of_record
SF:lib/domain/usecases/delivery_info/clear_local_delivery_info_usecase.dart
DA:9,1
DA:11,1
DA:13,2
LF:3
LH:3
end_of_record
SF:lib/domain/usecases/delivery_info/select_delivery_info_usecase.dart
DA:10,1
DA:12,1
DA:14,2
LF:3
LH:3
end_of_record
SF:lib/domain/usecases/user/get_cached_user_usecase.dart
DA:10,1
DA:12,1
DA:14,2
LF:3
LH:3
end_of_record
SF:lib/domain/usecases/user/sign_out_usecase.dart
DA:9,1
DA:11,1
DA:13,2
LF:3
LH:3
end_of_record
SF:lib/presentation/blocs/home/navbar_cubit.dart
DA:6,2
DA:8,1
DA:9,1
LF:3
LH:3
end_of_record
SF:lib/presentation/blocs/category/category_state.dart
DA:5,3
DA:9,0
DA:10,0
DA:11,0
DA:15,3
DA:16,1
DA:17,1
DA:21,2
DA:22,1
DA:23,1
DA:27,2
DA:28,1
DA:29,1
DA:34,1
DA:35,1
DA:36,1
LF:16
LH:13
end_of_record
SF:lib/presentation/blocs/category/category_bloc.dart
DA:20,1
DA:22,1
DA:23,2
DA:24,2
DA:27,1
DA:33,1
DA:34,3
DA:35,1
DA:36,0
DA:37,3
DA:45,3
DA:46,1
DA:47,3
DA:48,2
DA:51,3
DA:56,0
DA:57,0
DA:58,0
DA:59,0
DA:64,1
DA:70,4
DA:71,3
DA:72,1
DA:73,3
DA:74,2
DA:77,3
DA:82,0
DA:83,0
DA:84,0
LF:29
LH:21
end_of_record
SF:lib/presentation/blocs/category/category_event.dart
DA:4,1
DA:8,1
DA:10,0
DA:11,0
DA:16,1
DA:18,0
DA:19,0
LF:7
LH:3
end_of_record
SF:lib/presentation/blocs/user/user_state.dart
DA:7,1
DA:8,1
DA:12,1
DA:13,1
DA:18,1
DA:19,1
DA:20,2
DA:25,1
DA:26,1
DA:27,2
DA:31,1
DA:32,1
LF:12
LH:12
end_of_record
SF:lib/presentation/blocs/user/user_event.dart
DA:8,1
DA:13,1
LF:2
LH:2
end_of_record
SF:lib/presentation/blocs/user/user_bloc.dart
DA:23,1
DA:28,2
DA:29,2
DA:30,2
DA:31,2
DA:32,2
DA:35,1
DA:37,2
DA:38,3
DA:39,1
DA:40,3
DA:41,3
DA:44,0
DA:48,1
DA:50,2
DA:51,3
DA:52,1
DA:53,3
DA:54,3
DA:57,0
DA:61,1
DA:63,2
DA:64,3
DA:65,1
DA:66,3
DA:67,3
DA:70,0
DA:74,1
DA:76,2
DA:77,3
DA:78,2
DA:80,0
LF:32
LH:28
end_of_record
SF:lib/presentation/blocs/product/product_state.dart
DA:7,1
DA:12,1
DA:17,1
DA:18,1
DA:22,0
DA:27,0
DA:28,0
DA:32,1
DA:37,1
DA:38,1
DA:42,1
DA:47,1
DA:48,2
DA:53,1
DA:59,1
DA:60,1
LF:16
LH:13
end_of_record
SF:lib/presentation/blocs/product/product_bloc.dart
DA:15,1
DA:16,2
DA:19,1
DA:24,2
DA:25,2
DA:28,1
DA:30,2
DA:32,2
DA:33,1
DA:35,3
DA:36,1
DA:37,3
DA:38,2
DA:39,2
DA:41,1
DA:43,3
DA:44,1
DA:45,1
DA:46,1
DA:50,0
DA:51,0
DA:52,0
DA:53,0
DA:54,0
DA:59,1
DA:61,1
DA:62,2
DA:63,2
DA:64,2
DA:67,1
DA:69,0
DA:70,0
DA:71,0
DA:72,0
DA:75,0
DA:76,0
DA:77,0
DA:78,0
DA:79,0
DA:81,0
DA:83,0
DA:84,0
DA:85,0
DA:86,0
DA:87,0
DA:89,0
DA:94,0
DA:95,0
DA:96,0
DA:97,0
DA:98,0
LF:51
LH:25
end_of_record
SF:lib/presentation/blocs/product/product_event.dart
DA:4,1
DA:9,1
DA:11,0
DA:12,0
DA:16,1
DA:17,0
DA:18,0
LF:7
LH:3
end_of_record
